Arguments: 
  /usr/local/bin/node /usr/local/bin/yarn install

PATH: 
  /usr/local/bin:/usr/bin:/bin:/usr/sbin:/sbin

Yarn version: 
  1.19.1

Node version: 
  14.15.4

Platform: 
  darwin x64

Trace: 
  TypeError [ERR_INVALID_ARG_TYPE]: The "path" argument must be of type string. Received [Object: null prototype]
      at validateString (internal/validators.js:124:11)
      at Object.isAbsolute (path.js:1029:5)
      at module.exports.exports.default (/usr/local/lib/node_modules/yarn/lib/cli.js:100843:16)
      at /usr/local/lib/node_modules/yarn/lib/cli.js:51524:63
      at Generator.next (<anonymous>)
      at step (/usr/local/lib/node_modules/yarn/lib/cli.js:304:30)
      at /usr/local/lib/node_modules/yarn/lib/cli.js:315:13

npm manifest: 
  {
    "name": "pokemon",
    "version": "1.0.0",
    "description": "",
    "main": "index.js",
    "scripts": {
      "test": "echo \"Error: no test specified\" && exit 1",
      "start:dev": "nodemon",
      "lint": "eslint '*/**/*.{js,ts,tsx}' --quiet --fix",
      "build": "npm run clean && openapi-generator && tsc",
      "clean": "rimraf ./dist && rimraf src/generated",
      "build:watch": "openapi-generator && tsc --watch"
    },
    "author": "",
    "license": "ISC",
    "dependencies": {
      "@typescript-eslint/eslint-plugin": "^4.13.0",
      "@typescript-eslint/parser": "^4.13.0",
      "dotenv": "^8.2.0",
      "eslint": "^7.17.0",
      "eslint-config-prettier": "^7.1.0",
      "eslint-plugin-prettier": "^3.3.1",
      "fastify": "^3.9.2",
      "fastify-oas": "^3.0.8",
      "fetch": "^1.1.0",
      "fp-ts": "^2.9.3",
      "knex": "^0.21.15",
      "mysql": "^2.18.1",
      "node-fetch": "^2.6.1"
    },
    "devDependencies": {
      "@types/node": "^14.14.20",
      "@hermes/openapi-generator": "git+ssh://git@git.hermes.com/io/openapi-generator.git#3.0.0-rc2",
      "git-format-staged": "^2.1.1",
      "husky": "^4.3.7",
      "lint-staged": {
        "*.{js,ts,tsx}": [
          "eslint --fix"
        ]
      },
      "nodemon": "^2.0.7",
      "prettier": "^2.2.1",
      "ts-node": "^9.1.1",
      "typescript": "^4.1.3"
    }
  }

yarn manifest: 
  No manifest

Lockfile: 
  No lockfile
